{"/home/tipi/GIT/OpenClassRooms/projet9/bill-app/Billed-app-FR-Front/src/constants/routes.js": {"path":"/home/tipi/GIT/OpenClassRooms/projet9/bill-app/Billed-app-FR-Front/src/constants/routes.js","statementMap":{"0":{"start":{"line":6,"column":27},"end":{"line":11,"column":1}},"1":{"start":{"line":13,"column":22},"end":{"line":26,"column":1}},"2":{"start":{"line":14,"column":2},"end":{"line":25,"column":3}},"3":{"start":{"line":16,"column":6},"end":{"line":16,"column":46}},"4":{"start":{"line":18,"column":6},"end":{"line":18,"column":46}},"5":{"start":{"line":20,"column":6},"end":{"line":20,"column":24}},"6":{"start":{"line":22,"column":6},"end":{"line":22,"column":50}},"7":{"start":{"line":24,"column":6},"end":{"line":24,"column":46}}},"fnMap":{"0":{"name":"(anonymous_0)","decl":{"start":{"line":13,"column":22},"end":{"line":13,"column":23}},"loc":{"start":{"line":13,"column":62},"end":{"line":26,"column":1}},"line":13}},"branchMap":{"0":{"loc":{"start":{"line":14,"column":2},"end":{"line":25,"column":3}},"type":"switch","locations":[{"start":{"line":15,"column":4},"end":{"line":16,"column":46}},{"start":{"line":17,"column":4},"end":{"line":18,"column":46}},{"start":{"line":19,"column":4},"end":{"line":20,"column":24}},{"start":{"line":21,"column":4},"end":{"line":22,"column":50}},{"start":{"line":23,"column":4},"end":{"line":24,"column":46}}],"line":14}},"s":{"0":5,"1":5,"2":14,"3":4,"4":5,"5":1,"6":3,"7":1},"f":{"0":14},"b":{"0":[4,5,1,3,1]},"_coverageSchema":"1a1c01bbd47fc00a2c39e90264f33305004495a9","hash":"ccdc95d08245c56ccb7f2463088a8e054c0152d8"}
,"/home/tipi/GIT/OpenClassRooms/projet9/bill-app/Billed-app-FR-Front/src/constants/usersTest.js": {"path":"/home/tipi/GIT/OpenClassRooms/projet9/bill-app/Billed-app-FR-Front/src/constants/usersTest.js","statementMap":{},"fnMap":{},"branchMap":{},"s":{},"f":{},"b":{},"_coverageSchema":"1a1c01bbd47fc00a2c39e90264f33305004495a9","hash":"3f6f4ea5c788b36f0b3c48d8349e55d836006488"}
,"/home/tipi/GIT/OpenClassRooms/projet9/bill-app/Billed-app-FR-Front/src/containers/Bills.js": {"path":"/home/tipi/GIT/OpenClassRooms/projet9/bill-app/Billed-app-FR-Front/src/containers/Bills.js","statementMap":{"0":{"start":{"line":7,"column":4},"end":{"line":7,"column":28}},"1":{"start":{"line":8,"column":4},"end":{"line":8,"column":32}},"2":{"start":{"line":9,"column":4},"end":{"line":9,"column":22}},"3":{"start":{"line":10,"column":26},"end":{"line":10,"column":86}},"4":{"start":{"line":11,"column":4},"end":{"line":11,"column":87}},"5":{"start":{"line":11,"column":23},"end":{"line":11,"column":87}},"6":{"start":{"line":12,"column":20},"end":{"line":12,"column":76}},"7":{"start":{"line":13,"column":4},"end":{"line":15,"column":6}},"8":{"start":{"line":13,"column":17},"end":{"line":15,"column":6}},"9":{"start":{"line":14,"column":6},"end":{"line":14,"column":73}},"10":{"start":{"line":14,"column":43},"end":{"line":14,"column":72}},"11":{"start":{"line":16,"column":4},"end":{"line":16,"column":54}},"12":{"start":{"line":19,"column":23},"end":{"line":21,"column":3}},"13":{"start":{"line":20,"column":4},"end":{"line":20,"column":43}},"14":{"start":{"line":23,"column":23},"end":{"line":28,"column":3}},"15":{"start":{"line":24,"column":20},"end":{"line":24,"column":54}},"16":{"start":{"line":25,"column":21},"end":{"line":25,"column":63}},"17":{"start":{"line":26,"column":4},"end":{"line":26,"column":168}},"18":{"start":{"line":27,"column":4},"end":{"line":27,"column":34}},"19":{"start":{"line":30,"column":13},"end":{"line":59,"column":3}},"20":{"start":{"line":31,"column":4},"end":{"line":58,"column":5}},"21":{"start":{"line":32,"column":6},"end":{"line":57,"column":8}},"22":{"start":{"line":36,"column":22},"end":{"line":54,"column":12}},"23":{"start":{"line":38,"column":12},"end":{"line":53,"column":13}},"24":{"start":{"line":39,"column":14},"end":{"line":43,"column":15}},"25":{"start":{"line":47,"column":14},"end":{"line":47,"column":38}},"26":{"start":{"line":48,"column":14},"end":{"line":52,"column":15}},"27":{"start":{"line":55,"column":10},"end":{"line":55,"column":45}},"28":{"start":{"line":56,"column":8},"end":{"line":56,"column":20}}},"fnMap":{"0":{"name":"(anonymous_0)","decl":{"start":{"line":6,"column":2},"end":{"line":6,"column":3}},"loc":{"start":{"line":6,"column":61},"end":{"line":17,"column":3}},"line":6},"1":{"name":"(anonymous_1)","decl":{"start":{"line":13,"column":33},"end":{"line":13,"column":34}},"loc":{"start":{"line":13,"column":41},"end":{"line":15,"column":5}},"line":13},"2":{"name":"(anonymous_2)","decl":{"start":{"line":14,"column":37},"end":{"line":14,"column":38}},"loc":{"start":{"line":14,"column":43},"end":{"line":14,"column":72}},"line":14},"3":{"name":"(anonymous_3)","decl":{"start":{"line":19,"column":23},"end":{"line":19,"column":24}},"loc":{"start":{"line":19,"column":29},"end":{"line":21,"column":3}},"line":19},"4":{"name":"(anonymous_4)","decl":{"start":{"line":23,"column":23},"end":{"line":23,"column":24}},"loc":{"start":{"line":23,"column":33},"end":{"line":28,"column":3}},"line":23},"5":{"name":"(anonymous_5)","decl":{"start":{"line":30,"column":13},"end":{"line":30,"column":14}},"loc":{"start":{"line":30,"column":19},"end":{"line":59,"column":3}},"line":30},"6":{"name":"(anonymous_6)","decl":{"start":{"line":35,"column":12},"end":{"line":35,"column":13}},"loc":{"start":{"line":35,"column":24},"end":{"line":57,"column":7}},"line":35},"7":{"name":"(anonymous_7)","decl":{"start":{"line":37,"column":15},"end":{"line":37,"column":16}},"loc":{"start":{"line":37,"column":22},"end":{"line":54,"column":11}},"line":37}},"branchMap":{"0":{"loc":{"start":{"line":11,"column":4},"end":{"line":11,"column":87}},"type":"if","locations":[{"start":{"line":11,"column":4},"end":{"line":11,"column":87}},{"start":{"line":11,"column":4},"end":{"line":11,"column":87}}],"line":11},"1":{"loc":{"start":{"line":13,"column":4},"end":{"line":15,"column":6}},"type":"if","locations":[{"start":{"line":13,"column":4},"end":{"line":15,"column":6}},{"start":{"line":13,"column":4},"end":{"line":15,"column":6}}],"line":13},"2":{"loc":{"start":{"line":31,"column":4},"end":{"line":58,"column":5}},"type":"if","locations":[{"start":{"line":31,"column":4},"end":{"line":58,"column":5}},{"start":{"line":31,"column":4},"end":{"line":58,"column":5}}],"line":31}},"s":{"0":1,"1":1,"2":1,"3":1,"4":1,"5":0,"6":1,"7":1,"8":1,"9":0,"10":0,"11":1,"12":1,"13":0,"14":1,"15":0,"16":0,"17":0,"18":0,"19":1,"20":1,"21":1,"22":0,"23":0,"24":0,"25":0,"26":0,"27":0,"28":0},"f":{"0":1,"1":0,"2":0,"3":0,"4":0,"5":1,"6":0,"7":0},"b":{"0":[0,1],"1":[1,0],"2":[1,0]},"_coverageSchema":"1a1c01bbd47fc00a2c39e90264f33305004495a9","hash":"13ce3722708c67128a9aa5b4f492c579edda0a9b"}
,"/home/tipi/GIT/OpenClassRooms/projet9/bill-app/Billed-app-FR-Front/src/containers/Dashboard.js": {"path":"/home/tipi/GIT/OpenClassRooms/projet9/bill-app/Billed-app-FR-Front/src/containers/Dashboard.js","statementMap":{"0":{"start":{"line":8,"column":29},"end":{"line":28,"column":1}},"1":{"start":{"line":9,"column":2},"end":{"line":27,"column":11}},"2":{"start":{"line":14,"column":6},"end":{"line":24,"column":7}},"3":{"start":{"line":15,"column":8},"end":{"line":15,"column":50}},"4":{"start":{"line":26,"column":6},"end":{"line":26,"column":28}},"5":{"start":{"line":30,"column":20},"end":{"line":53,"column":1}},"6":{"start":{"line":31,"column":28},"end":{"line":31,"column":52}},"7":{"start":{"line":32,"column":20},"end":{"line":33,"column":40}},"8":{"start":{"line":34,"column":19},"end":{"line":35,"column":53}},"9":{"start":{"line":37,"column":2},"end":{"line":52,"column":4}},"10":{"start":{"line":55,"column":21},"end":{"line":57,"column":1}},"11":{"start":{"line":56,"column":2},"end":{"line":56,"column":76}},"12":{"start":{"line":56,"column":51},"end":{"line":56,"column":61}},"13":{"start":{"line":59,"column":25},"end":{"line":69,"column":1}},"14":{"start":{"line":60,"column":2},"end":{"line":60,"column":20}},"15":{"start":{"line":61,"column":2},"end":{"line":68,"column":3}},"16":{"start":{"line":63,"column":6},"end":{"line":63,"column":22}},"17":{"start":{"line":65,"column":6},"end":{"line":65,"column":23}},"18":{"start":{"line":67,"column":6},"end":{"line":67,"column":22}},"19":{"start":{"line":73,"column":4},"end":{"line":73,"column":28}},"20":{"start":{"line":74,"column":4},"end":{"line":74,"column":32}},"21":{"start":{"line":75,"column":4},"end":{"line":75,"column":22}},"22":{"start":{"line":76,"column":4},"end":{"line":76,"column":71}},"23":{"start":{"line":76,"column":35},"end":{"line":76,"column":70}},"24":{"start":{"line":77,"column":4},"end":{"line":77,"column":71}},"25":{"start":{"line":77,"column":35},"end":{"line":77,"column":70}},"26":{"start":{"line":78,"column":4},"end":{"line":78,"column":71}},"27":{"start":{"line":78,"column":35},"end":{"line":78,"column":70}},"28":{"start":{"line":79,"column":4},"end":{"line":79,"column":44}},"29":{"start":{"line":82,"column":23},"end":{"line":87,"column":3}},"30":{"start":{"line":83,"column":20},"end":{"line":83,"column":58}},"31":{"start":{"line":84,"column":21},"end":{"line":84,"column":69}},"32":{"start":{"line":85,"column":4},"end":{"line":85,"column":144}},"33":{"start":{"line":86,"column":4},"end":{"line":86,"column":96}},"34":{"start":{"line":86,"column":60},"end":{"line":86,"column":96}},"35":{"start":{"line":90,"column":4},"end":{"line":90,"column":75}},"36":{"start":{"line":90,"column":59},"end":{"line":90,"column":75}},"37":{"start":{"line":91,"column":4},"end":{"line":91,"column":71}},"38":{"start":{"line":91,"column":54},"end":{"line":91,"column":71}},"39":{"start":{"line":92,"column":4},"end":{"line":108,"column":5}},"40":{"start":{"line":93,"column":6},"end":{"line":95,"column":8}},"41":{"start":{"line":94,"column":8},"end":{"line":94,"column":61}},"42":{"start":{"line":96,"column":6},"end":{"line":96,"column":62}},"43":{"start":{"line":97,"column":6},"end":{"line":97,"column":69}},"44":{"start":{"line":98,"column":6},"end":{"line":98,"column":52}},"45":{"start":{"line":99,"column":6},"end":{"line":99,"column":21}},"46":{"start":{"line":101,"column":6},"end":{"line":101,"column":62}},"47":{"start":{"line":103,"column":6},"end":{"line":105,"column":8}},"48":{"start":{"line":106,"column":6},"end":{"line":106,"column":52}},"49":{"start":{"line":107,"column":6},"end":{"line":107,"column":21}},"50":{"start":{"line":109,"column":4},"end":{"line":109,"column":51}},"51":{"start":{"line":110,"column":4},"end":{"line":110,"column":72}},"52":{"start":{"line":110,"column":39},"end":{"line":110,"column":71}},"53":{"start":{"line":111,"column":4},"end":{"line":111,"column":72}},"54":{"start":{"line":111,"column":39},"end":{"line":111,"column":71}},"55":{"start":{"line":114,"column":23},"end":{"line":122,"column":3}},"56":{"start":{"line":115,"column":20},"end":{"line":119,"column":5}},"57":{"start":{"line":120,"column":4},"end":{"line":120,"column":28}},"58":{"start":{"line":121,"column":4},"end":{"line":121,"column":45}},"59":{"start":{"line":124,"column":23},"end":{"line":132,"column":3}},"60":{"start":{"line":125,"column":20},"end":{"line":129,"column":5}},"61":{"start":{"line":130,"column":4},"end":{"line":130,"column":28}},"62":{"start":{"line":131,"column":4},"end":{"line":131,"column":45}},"63":{"start":{"line":135,"column":4},"end":{"line":135,"column":22}},"64":{"start":{"line":136,"column":4},"end":{"line":136,"column":76}},"65":{"start":{"line":136,"column":60},"end":{"line":136,"column":76}},"66":{"start":{"line":137,"column":4},"end":{"line":137,"column":76}},"67":{"start":{"line":137,"column":58},"end":{"line":137,"column":76}},"68":{"start":{"line":138,"column":4},"end":{"line":148,"column":5}},"69":{"start":{"line":139,"column":6},"end":{"line":139,"column":69}},"70":{"start":{"line":140,"column":6},"end":{"line":141,"column":65}},"71":{"start":{"line":142,"column":6},"end":{"line":142,"column":21}},"72":{"start":{"line":144,"column":6},"end":{"line":144,"column":70}},"73":{"start":{"line":145,"column":6},"end":{"line":146,"column":17}},"74":{"start":{"line":147,"column":6},"end":{"line":147,"column":21}},"75":{"start":{"line":150,"column":4},"end":{"line":153,"column":6}},"76":{"start":{"line":151,"column":6},"end":{"line":151,"column":44}},"77":{"start":{"line":152,"column":6},"end":{"line":152,"column":83}},"78":{"start":{"line":152,"column":45},"end":{"line":152,"column":82}},"79":{"start":{"line":155,"column":4},"end":{"line":155,"column":16}},"80":{"start":{"line":159,"column":21},"end":{"line":178,"column":3}},"81":{"start":{"line":160,"column":4},"end":{"line":177,"column":5}},"82":{"start":{"line":161,"column":6},"end":{"line":176,"column":8}},"83":{"start":{"line":165,"column":22},"end":{"line":171,"column":11}},"84":{"start":{"line":166,"column":21},"end":{"line":171,"column":9}},"85":{"start":{"line":172,"column":8},"end":{"line":172,"column":20}},"86":{"start":{"line":175,"column":8},"end":{"line":175,"column":20}}},"fnMap":{"0":{"name":"(anonymous_0)","decl":{"start":{"line":8,"column":29},"end":{"line":8,"column":30}},"loc":{"start":{"line":8,"column":47},"end":{"line":28,"column":1}},"line":8},"1":{"name":"(anonymous_1)","decl":{"start":{"line":10,"column":16},"end":{"line":10,"column":17}},"loc":{"start":{"line":10,"column":24},"end":{"line":27,"column":5}},"line":10},"2":{"name":"(anonymous_2)","decl":{"start":{"line":30,"column":20},"end":{"line":30,"column":21}},"loc":{"start":{"line":30,"column":30},"end":{"line":53,"column":1}},"line":30},"3":{"name":"(anonymous_3)","decl":{"start":{"line":55,"column":21},"end":{"line":55,"column":22}},"loc":{"start":{"line":55,"column":32},"end":{"line":57,"column":1}},"line":55},"4":{"name":"(anonymous_4)","decl":{"start":{"line":56,"column":43},"end":{"line":56,"column":44}},"loc":{"start":{"line":56,"column":51},"end":{"line":56,"column":61}},"line":56},"5":{"name":"(anonymous_5)","decl":{"start":{"line":59,"column":25},"end":{"line":59,"column":26}},"loc":{"start":{"line":59,"column":36},"end":{"line":69,"column":1}},"line":59},"6":{"name":"(anonymous_6)","decl":{"start":{"line":72,"column":2},"end":{"line":72,"column":3}},"loc":{"start":{"line":72,"column":68},"end":{"line":80,"column":3}},"line":72},"7":{"name":"(anonymous_7)","decl":{"start":{"line":76,"column":28},"end":{"line":76,"column":29}},"loc":{"start":{"line":76,"column":35},"end":{"line":76,"column":70}},"line":76},"8":{"name":"(anonymous_8)","decl":{"start":{"line":77,"column":28},"end":{"line":77,"column":29}},"loc":{"start":{"line":77,"column":35},"end":{"line":77,"column":70}},"line":77},"9":{"name":"(anonymous_9)","decl":{"start":{"line":78,"column":28},"end":{"line":78,"column":29}},"loc":{"start":{"line":78,"column":35},"end":{"line":78,"column":70}},"line":78},"10":{"name":"(anonymous_10)","decl":{"start":{"line":82,"column":23},"end":{"line":82,"column":24}},"loc":{"start":{"line":82,"column":29},"end":{"line":87,"column":3}},"line":82},"11":{"name":"(anonymous_11)","decl":{"start":{"line":89,"column":2},"end":{"line":89,"column":3}},"loc":{"start":{"line":89,"column":35},"end":{"line":112,"column":3}},"line":89},"12":{"name":"(anonymous_12)","decl":{"start":{"line":93,"column":20},"end":{"line":93,"column":21}},"loc":{"start":{"line":93,"column":25},"end":{"line":95,"column":7}},"line":93},"13":{"name":"(anonymous_13)","decl":{"start":{"line":110,"column":32},"end":{"line":110,"column":33}},"loc":{"start":{"line":110,"column":39},"end":{"line":110,"column":71}},"line":110},"14":{"name":"(anonymous_14)","decl":{"start":{"line":111,"column":32},"end":{"line":111,"column":33}},"loc":{"start":{"line":111,"column":39},"end":{"line":111,"column":71}},"line":111},"15":{"name":"(anonymous_15)","decl":{"start":{"line":114,"column":23},"end":{"line":114,"column":24}},"loc":{"start":{"line":114,"column":36},"end":{"line":122,"column":3}},"line":114},"16":{"name":"(anonymous_16)","decl":{"start":{"line":124,"column":23},"end":{"line":124,"column":24}},"loc":{"start":{"line":124,"column":36},"end":{"line":132,"column":3}},"line":124},"17":{"name":"(anonymous_17)","decl":{"start":{"line":134,"column":2},"end":{"line":134,"column":3}},"loc":{"start":{"line":134,"column":37},"end":{"line":157,"column":3}},"line":134},"18":{"name":"(anonymous_18)","decl":{"start":{"line":150,"column":18},"end":{"line":150,"column":19}},"loc":{"start":{"line":150,"column":26},"end":{"line":153,"column":5}},"line":150},"19":{"name":"(anonymous_19)","decl":{"start":{"line":152,"column":38},"end":{"line":152,"column":39}},"loc":{"start":{"line":152,"column":45},"end":{"line":152,"column":82}},"line":152},"20":{"name":"(anonymous_20)","decl":{"start":{"line":159,"column":21},"end":{"line":159,"column":22}},"loc":{"start":{"line":159,"column":27},"end":{"line":178,"column":3}},"line":159},"21":{"name":"(anonymous_21)","decl":{"start":{"line":164,"column":12},"end":{"line":164,"column":13}},"loc":{"start":{"line":164,"column":24},"end":{"line":173,"column":7}},"line":164},"22":{"name":"(anonymous_22)","decl":{"start":{"line":166,"column":13},"end":{"line":166,"column":14}},"loc":{"start":{"line":166,"column":21},"end":{"line":171,"column":9}},"line":166},"23":{"name":"(anonymous_23)","decl":{"start":{"line":174,"column":13},"end":{"line":174,"column":14}},"loc":{"start":{"line":174,"column":22},"end":{"line":176,"column":7}},"line":174}},"branchMap":{"0":{"loc":{"start":{"line":9,"column":9},"end":{"line":27,"column":11}},"type":"cond-expr","locations":[{"start":{"line":10,"column":4},"end":{"line":27,"column":6}},{"start":{"line":27,"column":9},"end":{"line":27,"column":11}}],"line":9},"1":{"loc":{"start":{"line":9,"column":10},"end":{"line":9,"column":29}},"type":"binary-expr","locations":[{"start":{"line":9,"column":10},"end":{"line":9,"column":14}},{"start":{"line":9,"column":18},"end":{"line":9,"column":29}}],"line":9},"2":{"loc":{"start":{"line":14,"column":6},"end":{"line":24,"column":7}},"type":"if","locations":[{"start":{"line":14,"column":6},"end":{"line":24,"column":7}},{"start":{"line":14,"column":6},"end":{"line":24,"column":7}}],"line":14},"3":{"loc":{"start":{"line":32,"column":20},"end":{"line":33,"column":40}},"type":"cond-expr","locations":[{"start":{"line":33,"column":4},"end":{"line":33,"column":35}},{"start":{"line":33,"column":38},"end":{"line":33,"column":40}}],"line":32},"4":{"loc":{"start":{"line":34,"column":19},"end":{"line":35,"column":53}},"type":"cond-expr","locations":[{"start":{"line":35,"column":2},"end":{"line":35,"column":33}},{"start":{"line":35,"column":36},"end":{"line":35,"column":53}}],"line":34},"5":{"loc":{"start":{"line":56,"column":9},"end":{"line":56,"column":76}},"type":"cond-expr","locations":[{"start":{"line":56,"column":33},"end":{"line":56,"column":71}},{"start":{"line":56,"column":74},"end":{"line":56,"column":76}}],"line":56},"6":{"loc":{"start":{"line":56,"column":9},"end":{"line":56,"column":30}},"type":"binary-expr","locations":[{"start":{"line":56,"column":9},"end":{"line":56,"column":14}},{"start":{"line":56,"column":18},"end":{"line":56,"column":30}}],"line":56},"7":{"loc":{"start":{"line":61,"column":2},"end":{"line":68,"column":3}},"type":"switch","locations":[{"start":{"line":62,"column":4},"end":{"line":63,"column":22}},{"start":{"line":64,"column":4},"end":{"line":65,"column":23}},{"start":{"line":66,"column":4},"end":{"line":67,"column":22}}],"line":61},"8":{"loc":{"start":{"line":86,"column":4},"end":{"line":86,"column":96}},"type":"if","locations":[{"start":{"line":86,"column":4},"end":{"line":86,"column":96}},{"start":{"line":86,"column":4},"end":{"line":86,"column":96}}],"line":86},"9":{"loc":{"start":{"line":90,"column":4},"end":{"line":90,"column":75}},"type":"if","locations":[{"start":{"line":90,"column":4},"end":{"line":90,"column":75}},{"start":{"line":90,"column":4},"end":{"line":90,"column":75}}],"line":90},"10":{"loc":{"start":{"line":90,"column":8},"end":{"line":90,"column":57}},"type":"binary-expr","locations":[{"start":{"line":90,"column":8},"end":{"line":90,"column":34}},{"start":{"line":90,"column":38},"end":{"line":90,"column":57}}],"line":90},"11":{"loc":{"start":{"line":91,"column":4},"end":{"line":91,"column":71}},"type":"if","locations":[{"start":{"line":91,"column":4},"end":{"line":91,"column":71}},{"start":{"line":91,"column":4},"end":{"line":91,"column":71}}],"line":91},"12":{"loc":{"start":{"line":91,"column":8},"end":{"line":91,"column":52}},"type":"binary-expr","locations":[{"start":{"line":91,"column":8},"end":{"line":91,"column":29}},{"start":{"line":91,"column":33},"end":{"line":91,"column":52}}],"line":91},"13":{"loc":{"start":{"line":92,"column":4},"end":{"line":108,"column":5}},"type":"if","locations":[{"start":{"line":92,"column":4},"end":{"line":108,"column":5}},{"start":{"line":92,"column":4},"end":{"line":108,"column":5}}],"line":92},"14":{"loc":{"start":{"line":136,"column":4},"end":{"line":136,"column":76}},"type":"if","locations":[{"start":{"line":136,"column":4},"end":{"line":136,"column":76}},{"start":{"line":136,"column":4},"end":{"line":136,"column":76}}],"line":136},"15":{"loc":{"start":{"line":136,"column":8},"end":{"line":136,"column":58}},"type":"binary-expr","locations":[{"start":{"line":136,"column":8},"end":{"line":136,"column":34}},{"start":{"line":136,"column":38},"end":{"line":136,"column":58}}],"line":136},"16":{"loc":{"start":{"line":137,"column":4},"end":{"line":137,"column":76}},"type":"if","locations":[{"start":{"line":137,"column":4},"end":{"line":137,"column":76}},{"start":{"line":137,"column":4},"end":{"line":137,"column":76}}],"line":137},"17":{"loc":{"start":{"line":137,"column":8},"end":{"line":137,"column":56}},"type":"binary-expr","locations":[{"start":{"line":137,"column":8},"end":{"line":137,"column":32}},{"start":{"line":137,"column":36},"end":{"line":137,"column":56}}],"line":137},"18":{"loc":{"start":{"line":138,"column":4},"end":{"line":148,"column":5}},"type":"if","locations":[{"start":{"line":138,"column":4},"end":{"line":148,"column":5}},{"start":{"line":138,"column":4},"end":{"line":148,"column":5}}],"line":138},"19":{"loc":{"start":{"line":160,"column":4},"end":{"line":177,"column":5}},"type":"if","locations":[{"start":{"line":160,"column":4},"end":{"line":177,"column":5}},{"start":{"line":160,"column":4},"end":{"line":177,"column":5}}],"line":160}},"s":{"0":5,"1":12,"2":0,"3":0,"4":0,"5":5,"6":0,"7":0,"8":0,"9":0,"10":5,"11":0,"12":0,"13":5,"14":0,"15":0,"16":0,"17":0,"18":0,"19":0,"20":0,"21":0,"22":0,"23":0,"24":0,"25":0,"26":0,"27":0,"28":0,"29":0,"30":0,"31":0,"32":0,"33":0,"34":0,"35":0,"36":0,"37":0,"38":0,"39":0,"40":0,"41":0,"42":0,"43":0,"44":0,"45":0,"46":0,"47":0,"48":0,"49":0,"50":0,"51":0,"52":0,"53":0,"54":0,"55":0,"56":0,"57":0,"58":0,"59":0,"60":0,"61":0,"62":0,"63":0,"64":0,"65":0,"66":0,"67":0,"68":0,"69":0,"70":0,"71":0,"72":0,"73":0,"74":0,"75":0,"76":0,"77":0,"78":0,"79":0,"80":0,"81":0,"82":0,"83":0,"84":0,"85":0,"86":0},"f":{"0":12,"1":0,"2":0,"3":0,"4":0,"5":0,"6":0,"7":0,"8":0,"9":0,"10":0,"11":0,"12":0,"13":0,"14":0,"15":0,"16":0,"17":0,"18":0,"19":0,"20":0,"21":0,"22":0,"23":0},"b":{"0":[0,12],"1":[12,0],"2":[0,0],"3":[0,0],"4":[0,0],"5":[0,0],"6":[0,0],"7":[0,0,0],"8":[0,0],"9":[0,0],"10":[0,0],"11":[0,0],"12":[0,0],"13":[0,0],"14":[0,0],"15":[0,0],"16":[0,0],"17":[0,0],"18":[0,0],"19":[0,0]},"_coverageSchema":"1a1c01bbd47fc00a2c39e90264f33305004495a9","hash":"ccdc53ca2a28f20a17f1636d095c918b488cf627"}
,"/home/tipi/GIT/OpenClassRooms/projet9/bill-app/Billed-app-FR-Front/src/containers/Login.js": {"path":"/home/tipi/GIT/OpenClassRooms/projet9/bill-app/Billed-app-FR-Front/src/containers/Login.js","statementMap":{"0":{"start":{"line":3,"column":31},"end":{"line":3,"column":33}},"1":{"start":{"line":8,"column":4},"end":{"line":8,"column":28}},"2":{"start":{"line":9,"column":4},"end":{"line":9,"column":36}},"3":{"start":{"line":10,"column":4},"end":{"line":10,"column":32}},"4":{"start":{"line":11,"column":4},"end":{"line":11,"column":46}},"5":{"start":{"line":12,"column":4},"end":{"line":12,"column":22}},"6":{"start":{"line":13,"column":25},"end":{"line":13,"column":89}},"7":{"start":{"line":14,"column":4},"end":{"line":14,"column":70}},"8":{"start":{"line":15,"column":22},"end":{"line":15,"column":83}},"9":{"start":{"line":16,"column":4},"end":{"line":16,"column":64}},"10":{"start":{"line":18,"column":25},"end":{"line":38,"column":3}},"11":{"start":{"line":19,"column":4},"end":{"line":19,"column":22}},"12":{"start":{"line":20,"column":17},"end":{"line":25,"column":5}},"13":{"start":{"line":26,"column":4},"end":{"line":26,"column":59}},"14":{"start":{"line":27,"column":4},"end":{"line":36,"column":8}},"15":{"start":{"line":29,"column":17},"end":{"line":29,"column":38}},"16":{"start":{"line":32,"column":8},"end":{"line":32,"column":45}},"17":{"start":{"line":33,"column":8},"end":{"line":33,"column":53}},"18":{"start":{"line":34,"column":8},"end":{"line":34,"column":50}},"19":{"start":{"line":35,"column":8},"end":{"line":35,"column":55}},"20":{"start":{"line":40,"column":22},"end":{"line":59,"column":3}},"21":{"start":{"line":41,"column":4},"end":{"line":41,"column":22}},"22":{"start":{"line":42,"column":17},"end":{"line":47,"column":5}},"23":{"start":{"line":48,"column":4},"end":{"line":48,"column":59}},"24":{"start":{"line":49,"column":4},"end":{"line":58,"column":8}},"25":{"start":{"line":51,"column":17},"end":{"line":51,"column":38}},"26":{"start":{"line":54,"column":8},"end":{"line":54,"column":49}},"27":{"start":{"line":55,"column":8},"end":{"line":55,"column":57}},"28":{"start":{"line":56,"column":8},"end":{"line":56,"column":50}},"29":{"start":{"line":57,"column":8},"end":{"line":57,"column":50}},"30":{"start":{"line":62,"column":10},"end":{"line":74,"column":3}},"31":{"start":{"line":63,"column":4},"end":{"line":73,"column":5}},"32":{"start":{"line":64,"column":6},"end":{"line":70,"column":8}},"33":{"start":{"line":69,"column":8},"end":{"line":69,"column":40}},"34":{"start":{"line":72,"column":6},"end":{"line":72,"column":17}},"35":{"start":{"line":78,"column":15},"end":{"line":95,"column":3}},"36":{"start":{"line":79,"column":4},"end":{"line":94,"column":5}},"37":{"start":{"line":80,"column":6},"end":{"line":91,"column":8}},"38":{"start":{"line":89,"column":8},"end":{"line":89,"column":57}},"39":{"start":{"line":90,"column":8},"end":{"line":90,"column":31}},"40":{"start":{"line":93,"column":6},"end":{"line":93,"column":17}}},"fnMap":{"0":{"name":"(anonymous_0)","decl":{"start":{"line":7,"column":2},"end":{"line":7,"column":3}},"loc":{"start":{"line":7,"column":80},"end":{"line":17,"column":3}},"line":7},"1":{"name":"(anonymous_1)","decl":{"start":{"line":18,"column":25},"end":{"line":18,"column":26}},"loc":{"start":{"line":18,"column":30},"end":{"line":38,"column":3}},"line":18},"2":{"name":"(anonymous_2)","decl":{"start":{"line":29,"column":8},"end":{"line":29,"column":9}},"loc":{"start":{"line":29,"column":17},"end":{"line":29,"column":38}},"line":29},"3":{"name":"(anonymous_3)","decl":{"start":{"line":31,"column":12},"end":{"line":31,"column":13}},"loc":{"start":{"line":31,"column":18},"end":{"line":36,"column":7}},"line":31},"4":{"name":"(anonymous_4)","decl":{"start":{"line":40,"column":22},"end":{"line":40,"column":23}},"loc":{"start":{"line":40,"column":27},"end":{"line":59,"column":3}},"line":40},"5":{"name":"(anonymous_5)","decl":{"start":{"line":51,"column":8},"end":{"line":51,"column":9}},"loc":{"start":{"line":51,"column":17},"end":{"line":51,"column":38}},"line":51},"6":{"name":"(anonymous_6)","decl":{"start":{"line":53,"column":12},"end":{"line":53,"column":13}},"loc":{"start":{"line":53,"column":18},"end":{"line":58,"column":7}},"line":53},"7":{"name":"(anonymous_7)","decl":{"start":{"line":62,"column":10},"end":{"line":62,"column":11}},"loc":{"start":{"line":62,"column":20},"end":{"line":74,"column":3}},"line":62},"8":{"name":"(anonymous_8)","decl":{"start":{"line":68,"column":15},"end":{"line":68,"column":16}},"loc":{"start":{"line":68,"column":26},"end":{"line":70,"column":7}},"line":68},"9":{"name":"(anonymous_9)","decl":{"start":{"line":78,"column":15},"end":{"line":78,"column":16}},"loc":{"start":{"line":78,"column":25},"end":{"line":95,"column":3}},"line":78},"10":{"name":"(anonymous_10)","decl":{"start":{"line":88,"column":12},"end":{"line":88,"column":13}},"loc":{"start":{"line":88,"column":18},"end":{"line":91,"column":7}},"line":88}},"branchMap":{"0":{"loc":{"start":{"line":63,"column":4},"end":{"line":73,"column":5}},"type":"if","locations":[{"start":{"line":63,"column":4},"end":{"line":73,"column":5}},{"start":{"line":63,"column":4},"end":{"line":73,"column":5}}],"line":63},"1":{"loc":{"start":{"line":79,"column":4},"end":{"line":94,"column":5}},"type":"if","locations":[{"start":{"line":79,"column":4},"end":{"line":94,"column":5}},{"start":{"line":79,"column":4},"end":{"line":94,"column":5}}],"line":79}},"s":{"0":2,"1":3,"2":3,"3":3,"4":3,"5":3,"6":3,"7":3,"8":3,"9":3,"10":3,"11":2,"12":2,"13":2,"14":2,"15":0,"16":2,"17":2,"18":2,"19":2,"20":3,"21":2,"22":2,"23":2,"24":2,"25":0,"26":2,"27":2,"28":2,"29":2,"30":3,"31":0,"32":0,"33":0,"34":0,"35":3,"36":0,"37":0,"38":0,"39":0,"40":0},"f":{"0":3,"1":2,"2":0,"3":2,"4":2,"5":0,"6":2,"7":0,"8":0,"9":0,"10":0},"b":{"0":[0,0],"1":[0,0]},"_coverageSchema":"1a1c01bbd47fc00a2c39e90264f33305004495a9","hash":"4715ae2cee5789861d90eb3b49016f0c33e8fe46"}
,"/home/tipi/GIT/OpenClassRooms/projet9/bill-app/Billed-app-FR-Front/src/containers/Logout.js": {"path":"/home/tipi/GIT/OpenClassRooms/projet9/bill-app/Billed-app-FR-Front/src/containers/Logout.js","statementMap":{"0":{"start":{"line":5,"column":4},"end":{"line":5,"column":28}},"1":{"start":{"line":6,"column":4},"end":{"line":6,"column":32}},"2":{"start":{"line":7,"column":4},"end":{"line":7,"column":36}},"3":{"start":{"line":8,"column":4},"end":{"line":8,"column":51}},"4":{"start":{"line":11,"column":16},"end":{"line":14,"column":3}},"5":{"start":{"line":12,"column":4},"end":{"line":12,"column":29}},"6":{"start":{"line":13,"column":4},"end":{"line":13,"column":41}}},"fnMap":{"0":{"name":"(anonymous_0)","decl":{"start":{"line":4,"column":2},"end":{"line":4,"column":3}},"loc":{"start":{"line":4,"column":54},"end":{"line":9,"column":3}},"line":4},"1":{"name":"(anonymous_1)","decl":{"start":{"line":11,"column":16},"end":{"line":11,"column":17}},"loc":{"start":{"line":11,"column":23},"end":{"line":14,"column":3}},"line":11}},"branchMap":{},"s":{"0":2,"1":2,"2":2,"3":2,"4":2,"5":2,"6":2},"f":{"0":2,"1":2},"b":{},"_coverageSchema":"1a1c01bbd47fc00a2c39e90264f33305004495a9","hash":"ca9f1eca0c790788d6527acc5d7cdd09b7864a1b"}
,"/home/tipi/GIT/OpenClassRooms/projet9/bill-app/Billed-app-FR-Front/src/containers/NewBill.js": {"path":"/home/tipi/GIT/OpenClassRooms/projet9/bill-app/Billed-app-FR-Front/src/containers/NewBill.js","statementMap":{"0":{"start":{"line":6,"column":4},"end":{"line":6,"column":28}},"1":{"start":{"line":7,"column":4},"end":{"line":7,"column":32}},"2":{"start":{"line":8,"column":4},"end":{"line":8,"column":22}},"3":{"start":{"line":9,"column":24},"end":{"line":9,"column":88}},"4":{"start":{"line":10,"column":4},"end":{"line":10,"column":61}},"5":{"start":{"line":11,"column":17},"end":{"line":11,"column":73}},"6":{"start":{"line":12,"column":4},"end":{"line":12,"column":58}},"7":{"start":{"line":13,"column":4},"end":{"line":13,"column":23}},"8":{"start":{"line":14,"column":4},"end":{"line":14,"column":24}},"9":{"start":{"line":15,"column":4},"end":{"line":15,"column":22}},"10":{"start":{"line":16,"column":4},"end":{"line":16,"column":54}},"11":{"start":{"line":18,"column":21},"end":{"line":47,"column":3}},"12":{"start":{"line":19,"column":4},"end":{"line":19,"column":31}},"13":{"start":{"line":20,"column":4},"end":{"line":20,"column":22}},"14":{"start":{"line":21,"column":17},"end":{"line":21,"column":82}},"15":{"start":{"line":22,"column":21},"end":{"line":22,"column":48}},"16":{"start":{"line":23,"column":21},"end":{"line":23,"column":50}},"17":{"start":{"line":24,"column":4},"end":{"line":46,"column":3}},"18":{"start":{"line":25,"column":21},"end":{"line":25,"column":35}},"19":{"start":{"line":26,"column":18},"end":{"line":26,"column":64}},"20":{"start":{"line":27,"column":4},"end":{"line":27,"column":33}},"21":{"start":{"line":28,"column":4},"end":{"line":28,"column":35}},"22":{"start":{"line":30,"column":4},"end":{"line":43,"column":45}},"23":{"start":{"line":39,"column":8},"end":{"line":39,"column":28}},"24":{"start":{"line":40,"column":8},"end":{"line":40,"column":25}},"25":{"start":{"line":41,"column":8},"end":{"line":41,"column":30}},"26":{"start":{"line":42,"column":8},"end":{"line":42,"column":32}},"27":{"start":{"line":43,"column":24},"end":{"line":43,"column":44}},"28":{"start":{"line":45,"column":4},"end":{"line":45,"column":70}},"29":{"start":{"line":50,"column":17},"end":{"line":69,"column":3}},"30":{"start":{"line":51,"column":4},"end":{"line":51,"column":22}},"31":{"start":{"line":52,"column":4},"end":{"line":52,"column":147}},"32":{"start":{"line":53,"column":18},"end":{"line":53,"column":64}},"33":{"start":{"line":54,"column":17},"end":{"line":66,"column":5}},"34":{"start":{"line":67,"column":4},"end":{"line":67,"column":25}},"35":{"start":{"line":68,"column":4},"end":{"line":68,"column":41}},"36":{"start":{"line":72,"column":15},"end":{"line":82,"column":3}},"37":{"start":{"line":73,"column":4},"end":{"line":81,"column":5}},"38":{"start":{"line":74,"column":6},"end":{"line":80,"column":43}},"39":{"start":{"line":78,"column":8},"end":{"line":78,"column":45}},"40":{"start":{"line":80,"column":22},"end":{"line":80,"column":42}}},"fnMap":{"0":{"name":"(anonymous_0)","decl":{"start":{"line":5,"column":2},"end":{"line":5,"column":3}},"loc":{"start":{"line":5,"column":61},"end":{"line":17,"column":3}},"line":5},"1":{"name":"(anonymous_1)","decl":{"start":{"line":18,"column":21},"end":{"line":18,"column":22}},"loc":{"start":{"line":18,"column":26},"end":{"line":47,"column":3}},"line":18},"2":{"name":"(anonymous_2)","decl":{"start":{"line":38,"column":12},"end":{"line":38,"column":13}},"loc":{"start":{"line":38,"column":32},"end":{"line":43,"column":7}},"line":38},"3":{"name":"(anonymous_3)","decl":{"start":{"line":43,"column":15},"end":{"line":43,"column":16}},"loc":{"start":{"line":43,"column":24},"end":{"line":43,"column":44}},"line":43},"4":{"name":"(anonymous_4)","decl":{"start":{"line":50,"column":17},"end":{"line":50,"column":18}},"loc":{"start":{"line":50,"column":22},"end":{"line":69,"column":3}},"line":50},"5":{"name":"(anonymous_5)","decl":{"start":{"line":72,"column":15},"end":{"line":72,"column":16}},"loc":{"start":{"line":72,"column":25},"end":{"line":82,"column":3}},"line":72},"6":{"name":"(anonymous_6)","decl":{"start":{"line":77,"column":12},"end":{"line":77,"column":13}},"loc":{"start":{"line":77,"column":18},"end":{"line":79,"column":7}},"line":77},"7":{"name":"(anonymous_7)","decl":{"start":{"line":80,"column":13},"end":{"line":80,"column":14}},"loc":{"start":{"line":80,"column":22},"end":{"line":80,"column":42}},"line":80}},"branchMap":{"0":{"loc":{"start":{"line":24,"column":4},"end":{"line":46,"column":3}},"type":"if","locations":[{"start":{"line":24,"column":4},"end":{"line":46,"column":3}},{"start":{"line":24,"column":4},"end":{"line":46,"column":3}}],"line":24},"1":{"loc":{"start":{"line":61,"column":11},"end":{"line":61,"column":83}},"type":"binary-expr","locations":[{"start":{"line":61,"column":11},"end":{"line":61,"column":77}},{"start":{"line":61,"column":81},"end":{"line":61,"column":83}}],"line":61},"2":{"loc":{"start":{"line":73,"column":4},"end":{"line":81,"column":5}},"type":"if","locations":[{"start":{"line":73,"column":4},"end":{"line":81,"column":5}},{"start":{"line":73,"column":4},"end":{"line":81,"column":5}}],"line":73}},"s":{"0":0,"1":0,"2":0,"3":0,"4":0,"5":0,"6":0,"7":0,"8":0,"9":0,"10":0,"11":0,"12":0,"13":0,"14":0,"15":0,"16":0,"17":0,"18":0,"19":0,"20":0,"21":0,"22":0,"23":0,"24":0,"25":0,"26":0,"27":0,"28":0,"29":0,"30":0,"31":0,"32":0,"33":0,"34":0,"35":0,"36":0,"37":0,"38":0,"39":0,"40":0},"f":{"0":0,"1":0,"2":0,"3":0,"4":0,"5":0,"6":0,"7":0},"b":{"0":[0,0],"1":[0,0],"2":[0,0]},"_coverageSchema":"1a1c01bbd47fc00a2c39e90264f33305004495a9","hash":"19653db523c21c49fe7cd37a47b98b3347b7c30e"}
,"/home/tipi/GIT/OpenClassRooms/projet9/bill-app/Billed-app-FR-Front/src/views/Actions.js": {"path":"/home/tipi/GIT/OpenClassRooms/projet9/bill-app/Billed-app-FR-Front/src/views/Actions.js","statementMap":{"0":{"start":{"line":5,"column":2},"end":{"line":11,"column":3}}},"fnMap":{"0":{"name":"(anonymous_0)","decl":{"start":{"line":4,"column":15},"end":{"line":4,"column":16}},"loc":{"start":{"line":4,"column":28},"end":{"line":12,"column":1}},"line":4}},"branchMap":{},"s":{"0":6},"f":{"0":6},"b":{},"_coverageSchema":"1a1c01bbd47fc00a2c39e90264f33305004495a9","hash":"e88da62df4543cdcd12a075066f1bd1adf831836"}
,"/home/tipi/GIT/OpenClassRooms/projet9/bill-app/Billed-app-FR-Front/src/views/BillsUI.js": {"path":"/home/tipi/GIT/OpenClassRooms/projet9/bill-app/Billed-app-FR-Front/src/views/BillsUI.js","statementMap":{"0":{"start":{"line":7,"column":12},"end":{"line":20,"column":1}},"1":{"start":{"line":8,"column":2},"end":{"line":19,"column":6}},"2":{"start":{"line":22,"column":13},"end":{"line":29,"column":1}},"3":{"start":{"line":23,"column":2},"end":{"line":28,"column":9}},"4":{"start":{"line":25,"column":24},"end":{"line":25,"column":59}},"5":{"start":{"line":26,"column":23},"end":{"line":26,"column":32}},"6":{"start":{"line":32,"column":16},"end":{"line":47,"column":3}},"7":{"start":{"line":32,"column":22},"end":{"line":47,"column":3}},"8":{"start":{"line":49,"column":2},"end":{"line":53,"column":3}},"9":{"start":{"line":50,"column":4},"end":{"line":50,"column":25}},"10":{"start":{"line":51,"column":9},"end":{"line":53,"column":3}},"11":{"start":{"line":52,"column":4},"end":{"line":52,"column":28}},"12":{"start":{"line":55,"column":2},"end":{"line":82,"column":12}}},"fnMap":{"0":{"name":"(anonymous_0)","decl":{"start":{"line":7,"column":12},"end":{"line":7,"column":13}},"loc":{"start":{"line":7,"column":22},"end":{"line":20,"column":1}},"line":7},"1":{"name":"(anonymous_1)","decl":{"start":{"line":22,"column":13},"end":{"line":22,"column":14}},"loc":{"start":{"line":22,"column":23},"end":{"line":29,"column":1}},"line":22},"2":{"name":"(anonymous_2)","decl":{"start":{"line":25,"column":14},"end":{"line":25,"column":15}},"loc":{"start":{"line":25,"column":24},"end":{"line":25,"column":59}},"line":25},"3":{"name":"(anonymous_3)","decl":{"start":{"line":26,"column":13},"end":{"line":26,"column":14}},"loc":{"start":{"line":26,"column":23},"end":{"line":26,"column":32}},"line":26},"4":{"name":"(anonymous_4)","decl":{"start":{"line":31,"column":15},"end":{"line":31,"column":16}},"loc":{"start":{"line":31,"column":52},"end":{"line":83,"column":1}},"line":31},"5":{"name":"(anonymous_5)","decl":{"start":{"line":32,"column":16},"end":{"line":32,"column":17}},"loc":{"start":{"line":32,"column":22},"end":{"line":47,"column":3}},"line":32}},"branchMap":{"0":{"loc":{"start":{"line":23,"column":9},"end":{"line":28,"column":8}},"type":"cond-expr","locations":[{"start":{"line":24,"column":6},"end":{"line":27,"column":17}},{"start":{"line":28,"column":6},"end":{"line":28,"column":8}}],"line":23},"1":{"loc":{"start":{"line":23,"column":9},"end":{"line":23,"column":28}},"type":"binary-expr","locations":[{"start":{"line":23,"column":9},"end":{"line":23,"column":13}},{"start":{"line":23,"column":17},"end":{"line":23,"column":28}}],"line":23},"2":{"loc":{"start":{"line":49,"column":2},"end":{"line":53,"column":3}},"type":"if","locations":[{"start":{"line":49,"column":2},"end":{"line":53,"column":3}},{"start":{"line":49,"column":2},"end":{"line":53,"column":3}}],"line":49},"3":{"loc":{"start":{"line":51,"column":9},"end":{"line":53,"column":3}},"type":"if","locations":[{"start":{"line":51,"column":9},"end":{"line":53,"column":3}},{"start":{"line":51,"column":9},"end":{"line":53,"column":3}}],"line":51}},"s":{"0":5,"1":4,"2":5,"3":4,"4":6,"5":4,"6":6,"7":4,"8":6,"9":1,"10":5,"11":1,"12":4},"f":{"0":4,"1":4,"2":6,"3":4,"4":6,"5":4},"b":{"0":[1,3],"1":[4,2],"2":[1,5],"3":[1,4]},"_coverageSchema":"1a1c01bbd47fc00a2c39e90264f33305004495a9","hash":"84c88893f8b1c0cd7bc28d8d5c35e94678c21808"}
,"/home/tipi/GIT/OpenClassRooms/projet9/bill-app/Billed-app-FR-Front/src/views/DashboardFormUI.js": {"path":"/home/tipi/GIT/OpenClassRooms/projet9/bill-app/Billed-app-FR-Front/src/views/DashboardFormUI.js","statementMap":{"0":{"start":{"line":7,"column":21},"end":{"line":22,"column":4}},"1":{"start":{"line":7,"column":28},"end":{"line":22,"column":3}},"2":{"start":{"line":26,"column":2},"end":{"line":101,"column":4}}},"fnMap":{"0":{"name":"(anonymous_0)","decl":{"start":{"line":7,"column":21},"end":{"line":7,"column":22}},"loc":{"start":{"line":7,"column":28},"end":{"line":22,"column":3}},"line":7},"1":{"name":"(anonymous_1)","decl":{"start":{"line":24,"column":15},"end":{"line":24,"column":16}},"loc":{"start":{"line":24,"column":25},"end":{"line":102,"column":1}},"line":24}},"branchMap":{"0":{"loc":{"start":{"line":79,"column":9},"end":{"line":89,"column":9}},"type":"cond-expr","locations":[{"start":{"line":79,"column":38},"end":{"line":84,"column":8}},{"start":{"line":84,"column":13},"end":{"line":89,"column":8}}],"line":79},"1":{"loc":{"start":{"line":92,"column":8},"end":{"line":97,"column":13}},"type":"cond-expr","locations":[{"start":{"line":92,"column":37},"end":{"line":97,"column":7}},{"start":{"line":97,"column":11},"end":{"line":97,"column":13}}],"line":92}},"s":{"0":6,"1":4,"2":4},"f":{"0":4,"1":4},"b":{"0":[1,3],"1":[1,3]},"_coverageSchema":"1a1c01bbd47fc00a2c39e90264f33305004495a9","hash":"a867468623b4d60e31a693f71d6be12dbd8c558a"}
,"/home/tipi/GIT/OpenClassRooms/projet9/bill-app/Billed-app-FR-Front/src/views/DashboardUI.js": {"path":"/home/tipi/GIT/OpenClassRooms/projet9/bill-app/Billed-app-FR-Front/src/views/DashboardUI.js","statementMap":{"0":{"start":{"line":10,"column":2},"end":{"line":14,"column":3}},"1":{"start":{"line":11,"column":4},"end":{"line":11,"column":24}},"2":{"start":{"line":12,"column":9},"end":{"line":14,"column":3}},"3":{"start":{"line":13,"column":4},"end":{"line":13,"column":27}},"4":{"start":{"line":16,"column":2},"end":{"line":48,"column":3}}},"fnMap":{"0":{"name":"(anonymous_0)","decl":{"start":{"line":8,"column":15},"end":{"line":8,"column":16}},"loc":{"start":{"line":8,"column":45},"end":{"line":49,"column":1}},"line":8}},"branchMap":{"0":{"loc":{"start":{"line":10,"column":2},"end":{"line":14,"column":3}},"type":"if","locations":[{"start":{"line":10,"column":2},"end":{"line":14,"column":3}},{"start":{"line":10,"column":2},"end":{"line":14,"column":3}}],"line":10},"1":{"loc":{"start":{"line":12,"column":9},"end":{"line":14,"column":3}},"type":"if","locations":[{"start":{"line":12,"column":9},"end":{"line":14,"column":3}},{"start":{"line":12,"column":9},"end":{"line":14,"column":3}}],"line":12},"2":{"loc":{"start":{"line":22,"column":45},"end":{"line":22,"column":63}},"type":"binary-expr","locations":[{"start":{"line":22,"column":45},"end":{"line":22,"column":49}},{"start":{"line":22,"column":53},"end":{"line":22,"column":63}}],"line":22},"3":{"loc":{"start":{"line":29,"column":43},"end":{"line":29,"column":61}},"type":"binary-expr","locations":[{"start":{"line":29,"column":43},"end":{"line":29,"column":47}},{"start":{"line":29,"column":51},"end":{"line":29,"column":61}}],"line":29},"4":{"loc":{"start":{"line":36,"column":43},"end":{"line":36,"column":61}},"type":"binary-expr","locations":[{"start":{"line":36,"column":43},"end":{"line":36,"column":47}},{"start":{"line":36,"column":51},"end":{"line":36,"column":61}}],"line":36}},"s":{"0":4,"1":0,"2":4,"3":0,"4":4},"f":{"0":4},"b":{"0":[0,4],"1":[0,4],"2":[4,1],"3":[4,1],"4":[4,1]},"_coverageSchema":"1a1c01bbd47fc00a2c39e90264f33305004495a9","hash":"434eb4ff0b61af0805c5132456f399173dd5df25"}
,"/home/tipi/GIT/OpenClassRooms/projet9/bill-app/Billed-app-FR-Front/src/views/ErrorPage.js": {"path":"/home/tipi/GIT/OpenClassRooms/projet9/bill-app/Billed-app-FR-Front/src/views/ErrorPage.js","statementMap":{"0":{"start":{"line":4,"column":2},"end":{"line":15,"column":3}}},"fnMap":{"0":{"name":"(anonymous_0)","decl":{"start":{"line":3,"column":15},"end":{"line":3,"column":16}},"loc":{"start":{"line":3,"column":26},"end":{"line":16,"column":1}},"line":3}},"branchMap":{"0":{"loc":{"start":{"line":12,"column":12},"end":{"line":12,"column":30}},"type":"cond-expr","locations":[{"start":{"line":12,"column":20},"end":{"line":12,"column":25}},{"start":{"line":12,"column":28},"end":{"line":12,"column":30}}],"line":12}},"s":{"0":3},"f":{"0":3},"b":{"0":[2,1]},"_coverageSchema":"1a1c01bbd47fc00a2c39e90264f33305004495a9","hash":"cf83e3d4c75d60a0872539c86ec2a95755a6e7be"}
,"/home/tipi/GIT/OpenClassRooms/projet9/bill-app/Billed-app-FR-Front/src/views/LoadingPage.js": {"path":"/home/tipi/GIT/OpenClassRooms/projet9/bill-app/Billed-app-FR-Front/src/views/LoadingPage.js","statementMap":{"0":{"start":{"line":5,"column":2},"end":{"line":12,"column":3}}},"fnMap":{"0":{"name":"(anonymous_0)","decl":{"start":{"line":3,"column":15},"end":{"line":3,"column":16}},"loc":{"start":{"line":3,"column":21},"end":{"line":13,"column":1}},"line":3}},"branchMap":{},"s":{"0":2},"f":{"0":2},"b":{},"_coverageSchema":"1a1c01bbd47fc00a2c39e90264f33305004495a9","hash":"395b06938042ef7ba2c1dc7294c8def03a852647"}
,"/home/tipi/GIT/OpenClassRooms/projet9/bill-app/Billed-app-FR-Front/src/views/LoginUI.js": {"path":"/home/tipi/GIT/OpenClassRooms/projet9/bill-app/Billed-app-FR-Front/src/views/LoginUI.js","statementMap":{"0":{"start":{"line":4,"column":2},"end":{"line":46,"column":4}}},"fnMap":{"0":{"name":"(anonymous_0)","decl":{"start":{"line":2,"column":15},"end":{"line":2,"column":16}},"loc":{"start":{"line":2,"column":21},"end":{"line":47,"column":1}},"line":2}},"branchMap":{},"s":{"0":11},"f":{"0":11},"b":{},"_coverageSchema":"1a1c01bbd47fc00a2c39e90264f33305004495a9","hash":"a5ebdce0511cb96da045a3c17ea4d059e75372d9"}
,"/home/tipi/GIT/OpenClassRooms/projet9/bill-app/Billed-app-FR-Front/src/views/NewBillUI.js": {"path":"/home/tipi/GIT/OpenClassRooms/projet9/bill-app/Billed-app-FR-Front/src/views/NewBillUI.js","statementMap":{"0":{"start":{"line":5,"column":2},"end":{"line":73,"column":4}}},"fnMap":{"0":{"name":"(anonymous_0)","decl":{"start":{"line":3,"column":15},"end":{"line":3,"column":16}},"loc":{"start":{"line":3,"column":21},"end":{"line":74,"column":1}},"line":3}},"branchMap":{},"s":{"0":2},"f":{"0":2},"b":{},"_coverageSchema":"1a1c01bbd47fc00a2c39e90264f33305004495a9","hash":"65dc02b369a765ce810b2b3f79d39421c5ee5996"}
,"/home/tipi/GIT/OpenClassRooms/projet9/bill-app/Billed-app-FR-Front/src/views/VerticalLayout.js": {"path":"/home/tipi/GIT/OpenClassRooms/projet9/bill-app/Billed-app-FR-Front/src/views/VerticalLayout.js","statementMap":{"0":{"start":{"line":7,"column":4},"end":{"line":7,"column":51}},"1":{"start":{"line":8,"column":4},"end":{"line":10,"column":5}},"2":{"start":{"line":9,"column":6},"end":{"line":9,"column":29}},"3":{"start":{"line":11,"column":4},"end":{"line":39,"column":5}},"4":{"start":{"line":12,"column":6},"end":{"line":27,"column":7}},"5":{"start":{"line":29,"column":6},"end":{"line":38,"column":7}}},"fnMap":{"0":{"name":"(anonymous_0)","decl":{"start":{"line":5,"column":15},"end":{"line":5,"column":16}},"loc":{"start":{"line":5,"column":27},"end":{"line":40,"column":1}},"line":5}},"branchMap":{"0":{"loc":{"start":{"line":8,"column":4},"end":{"line":10,"column":5}},"type":"if","locations":[{"start":{"line":8,"column":4},"end":{"line":10,"column":5}},{"start":{"line":8,"column":4},"end":{"line":10,"column":5}}],"line":8},"1":{"loc":{"start":{"line":11,"column":4},"end":{"line":39,"column":5}},"type":"if","locations":[{"start":{"line":11,"column":4},"end":{"line":39,"column":5}},{"start":{"line":11,"column":4},"end":{"line":39,"column":5}}],"line":11},"2":{"loc":{"start":{"line":11,"column":8},"end":{"line":11,"column":40}},"type":"binary-expr","locations":[{"start":{"line":11,"column":8},"end":{"line":11,"column":12}},{"start":{"line":11,"column":16},"end":{"line":11,"column":40}}],"line":11}},"s":{"0":16,"1":16,"2":5,"3":16,"4":4,"5":12},"f":{"0":16},"b":{"0":[5,11],"1":[4,12],"2":[16,5]},"_coverageSchema":"1a1c01bbd47fc00a2c39e90264f33305004495a9","hash":"111003a2f4bb79be0791c58e2227aad3be0c8ac4"}
}
